<?xml version="1.0" encoding="UTF-8"?>
<!-- Generated by org.testng.reporters.JUnitReportReporter -->
<testsuite skipped="0" hostname="AnuKrish" name="com.guru.Test.loginTest" tests="1" failures="0" timestamp="21 Jan 2019 15:51:51 GMT" time="41.331" errors="0">
  <testcase name="action" time="41.331" classname="com.guru.Test.loginTest"/>
</testsuite> <!-- com.guru.Test.loginTest -->
